INFO: [VRFC 10-2263] Analyzing Verilog file "C:/Users/ikhla/Desktop/semester 4/CA/project/material/saif/RISC-V-processor-pipelined-main/task1/ALU.v" into library xil_defaultlib
INFO: [VRFC 10-311] analyzing module alu_64bit
INFO: [VRFC 10-2263] Analyzing Verilog file "C:/Users/ikhla/Desktop/semester 4/CA/project/material/saif/RISC-V-processor-pipelined-main/task1/Control_unit.v" into library xil_defaultlib
INFO: [VRFC 10-311] analyzing module control_unit
INFO: [VRFC 10-2263] Analyzing Verilog file "C:/Users/ikhla/Desktop/semester 4/CA/project/material/saif/RISC-V-processor-pipelined-main/task1/Data_memory.v" into library xil_defaultlib
INFO: [VRFC 10-311] analyzing module data_memory
INFO: [VRFC 10-2263] Analyzing Verilog file "C:/Users/ikhla/Desktop/semester 4/CA/project/material/saif/RISC-V-processor-pipelined-main/task1/Instruction_Parser.v" into library xil_defaultlib
INFO: [VRFC 10-311] analyzing module parser
INFO: [VRFC 10-2263] Analyzing Verilog file "C:/Users/ikhla/Desktop/semester 4/CA/project/material/saif/RISC-V-processor-pipelined-main/task1/Instruction_memory.v" into library xil_defaultlib
INFO: [VRFC 10-311] analyzing module instruction_memory
INFO: [VRFC 10-2263] Analyzing Verilog file "C:/Users/ikhla/Desktop/semester 4/CA/project/material/saif/RISC-V-processor-pipelined-main/task1/Mux.v" into library xil_defaultlib
INFO: [VRFC 10-311] analyzing module mux
INFO: [VRFC 10-2263] Analyzing Verilog file "C:/Users/ikhla/Desktop/semester 4/CA/project/material/saif/RISC-V-processor-pipelined-main/task1/Program_counter.v" into library xil_defaultlib
INFO: [VRFC 10-311] analyzing module program_counter
INFO: [VRFC 10-2263] Analyzing Verilog file "C:/Users/ikhla/Desktop/semester 4/CA/project/material/saif/RISC-V-processor-pipelined-main/task1/RISC_V_processor.v" into library xil_defaultlib
INFO: [VRFC 10-311] analyzing module riscV_processor
INFO: [VRFC 10-2263] Analyzing Verilog file "C:/Users/ikhla/Desktop/semester 4/CA/project/material/saif/RISC-V-processor-pipelined-main/task1/Register_file.v" into library xil_defaultlib
INFO: [VRFC 10-311] analyzing module register_file
INFO: [VRFC 10-2263] Analyzing Verilog file "C:/Users/ikhla/Desktop/semester 4/CA/project/material/saif/RISC-V-processor-pipelined-main/task1/adder.v" into library xil_defaultlib
INFO: [VRFC 10-311] analyzing module adder
INFO: [VRFC 10-2263] Analyzing Verilog file "C:/Users/ikhla/Desktop/semester 4/CA/project/material/saif/RISC-V-processor-pipelined-main/task1/alu_control.v" into library xil_defaultlib
INFO: [VRFC 10-311] analyzing module alu_control
INFO: [VRFC 10-2263] Analyzing Verilog file "C:/Users/ikhla/Desktop/semester 4/CA/project/material/saif/RISC-V-processor-pipelined-main/task1/branching_unit.v" into library xil_defaultlib
INFO: [VRFC 10-311] analyzing module branching_unit
INFO: [VRFC 10-2263] Analyzing Verilog file "C:/Users/ikhla/Desktop/semester 4/CA/project/material/saif/RISC-V-processor-pipelined-main/task1/immgen.v" into library xil_defaultlib
INFO: [VRFC 10-311] analyzing module imm_gen
INFO: [VRFC 10-2263] Analyzing Verilog file "C:/Users/ikhla/Desktop/semester 4/CA/project/test2/task1/lab11.srcs/sim_1/new/riscV_tb.v" into library xil_defaultlib
INFO: [VRFC 10-311] analyzing module riscV_tb
INFO: [VRFC 10-2458] undeclared symbol memtoreg, assumed default net type wire [C:/Users/ikhla/Desktop/semester 4/CA/project/test2/task1/lab11.srcs/sim_1/new/riscV_tb.v:75]
INFO: [VRFC 10-2458] undeclared symbol regwrite, assumed default net type wire [C:/Users/ikhla/Desktop/semester 4/CA/project/test2/task1/lab11.srcs/sim_1/new/riscV_tb.v:75]
