#-----------------------------------------------------------
# Vivado v2020.1 (64-bit)
# SW Build 2902540 on Wed May 27 19:54:49 MDT 2020
# IP Build 2902112 on Wed May 27 22:43:36 MDT 2020
# Start of session at: Sat Apr 27 01:06:01 2024
# Process ID: 41924
# Current directory: C:/Users/ikhla/Desktop/semester 4/CA/project/test2/task2/task2
# Command line: vivado.exe -gui_launcher_event rodinguilauncherevent38412 C:\Users\ikhla\Desktop\semester 4\CA\project\test2\task2\task2\task2.xpr
# Log file: C:/Users/ikhla/Desktop/semester 4/CA/project/test2/task2/task2/vivado.log
# Journal file: C:/Users/ikhla/Desktop/semester 4/CA/project/test2/task2/task2\vivado.jou
#-----------------------------------------------------------
start_gui
open_project {C:/Users/ikhla/Desktop/semester 4/CA/project/test2/task2/task2/task2.xpr}
Scanning sources...
Finished scanning sources
INFO: [IP_Flow 19-234] Refreshing IP repositories
INFO: [IP_Flow 19-1704] No user IP repositories specified
INFO: [IP_Flow 19-2313] Loaded Vivado IP repository 'C:/Xilinx/Vivado/2020.1/data/ip'.
add_files -norecurse {{C:/Users/ikhla/Desktop/semester 4/CA/project/material/saif/RISC-V-processor-pipelined-main/task2/ifidreg.v} {C:/Users/ikhla/Desktop/semester 4/CA/project/material/saif/RISC-V-processor-pipelined-main/task2/Data_memory.v} {C:/Users/ikhla/Desktop/semester 4/CA/project/material/saif/RISC-V-processor-pipelined-main/task2/alu_control.v} {C:/Users/ikhla/Desktop/semester 4/CA/project/material/saif/RISC-V-processor-pipelined-main/task2/immgen.v} {C:/Users/ikhla/Desktop/semester 4/CA/project/material/saif/RISC-V-processor-pipelined-main/task2/forwarding unit.v} {C:/Users/ikhla/Desktop/semester 4/CA/project/material/saif/RISC-V-processor-pipelined-main/task2/Instruction_memory.v} {C:/Users/ikhla/Desktop/semester 4/CA/project/material/saif/RISC-V-processor-pipelined-main/task2/adder.v} {C:/Users/ikhla/Desktop/semester 4/CA/project/material/saif/RISC-V-processor-pipelined-main/task2/branching_unit.v} {C:/Users/ikhla/Desktop/semester 4/CA/project/material/saif/RISC-V-processor-pipelined-main/task2/mux_3to1.v} {C:/Users/ikhla/Desktop/semester 4/CA/project/material/saif/RISC-V-processor-pipelined-main/task2/idexreg.v} {C:/Users/ikhla/Desktop/semester 4/CA/project/material/saif/RISC-V-processor-pipelined-main/task2/Register_file.v} {C:/Users/ikhla/Desktop/semester 4/CA/project/material/saif/RISC-V-processor-pipelined-main/task2/Mux.v} {C:/Users/ikhla/Desktop/semester 4/CA/project/material/saif/RISC-V-processor-pipelined-main/task2/Instruction_Parser.v} {C:/Users/ikhla/Desktop/semester 4/CA/project/material/saif/RISC-V-processor-pipelined-main/task2/Control_unit.v} {C:/Users/ikhla/Desktop/semester 4/CA/project/material/saif/RISC-V-processor-pipelined-main/task2/Program_counter.v} {C:/Users/ikhla/Desktop/semester 4/CA/project/material/saif/RISC-V-processor-pipelined-main/task2/ALU.v} {C:/Users/ikhla/Desktop/semester 4/CA/project/material/saif/RISC-V-processor-pipelined-main/task2/RISC_V_processor.v} {C:/Users/ikhla/Desktop/semester 4/CA/project/material/saif/RISC-V-processor-pipelined-main/task2/exmemreg.v} {C:/Users/ikhla/Desktop/semester 4/CA/project/material/saif/RISC-V-processor-pipelined-main/task2/memwbreg.v}}
update_compile_order -fileset sources_1
update_compile_order -fileset sources_1
