#-----------------------------------------------------------
# Vivado v2020.1 (64-bit)
# SW Build 2902540 on Wed May 27 19:54:49 MDT 2020
# IP Build 2902112 on Wed May 27 22:43:36 MDT 2020
# Start of session at: Sat Apr 27 08:48:26 2024
# Process ID: 22704
# Current directory: C:/Users/ikhla/Desktop/semester 4/CA/project/test2/task2/task2
# Command line: vivado.exe -gui_launcher_event rodinguilauncherevent28228 C:\Users\ikhla\Desktop\semester 4\CA\project\test2\task2\task2\task2.xpr
# Log file: C:/Users/ikhla/Desktop/semester 4/CA/project/test2/task2/task2/vivado.log
# Journal file: C:/Users/ikhla/Desktop/semester 4/CA/project/test2/task2/task2\vivado.jou
#-----------------------------------------------------------
start_gui
open_project {C:/Users/ikhla/Desktop/semester 4/CA/project/test2/task2/task2/task2.xpr}
Scanning sources...
Finished scanning sources
INFO: [IP_Flow 19-234] Refreshing IP repositories
INFO: [IP_Flow 19-1704] No user IP repositories specified
INFO: [IP_Flow 19-2313] Loaded Vivado IP repository 'C:/Xilinx/Vivado/2020.1/data/ip'.
open_project: Time (s): cpu = 00:00:04 ; elapsed = 00:00:06 . Memory (MB): peak = 1024.664 ; gain = 0.000
update_compile_order -fileset sources_1
exit
INFO: [Common 17-206] Exiting Vivado at Sat Apr 27 08:49:00 2024...
