#-----------------------------------------------------------
# Vivado v2020.1 (64-bit)
# SW Build 2902540 on Wed May 27 19:54:49 MDT 2020
# IP Build 2902112 on Wed May 27 22:43:36 MDT 2020
# Start of session at: Fri Apr 26 20:53:51 2024
# Process ID: 34028
# Current directory: C:/Users/ikhla/Desktop/semester 4/CA/project/test2/lab11
# Command line: vivado.exe -gui_launcher_event rodinguilauncherevent36032 C:\Users\ikhla\Desktop\semester 4\CA\project\test2\lab11\lab11.xpr
# Log file: C:/Users/ikhla/Desktop/semester 4/CA/project/test2/lab11/vivado.log
# Journal file: C:/Users/ikhla/Desktop/semester 4/CA/project/test2/lab11\vivado.jou
#-----------------------------------------------------------
start_gui
open_project {C:/Users/ikhla/Desktop/semester 4/CA/project/test2/lab11/lab11.xpr}
Scanning sources...
Finished scanning sources
INFO: [IP_Flow 19-234] Refreshing IP repositories
INFO: [IP_Flow 19-1704] No user IP repositories specified
INFO: [IP_Flow 19-2313] Loaded Vivado IP repository 'C:/Xilinx/Vivado/2020.1/data/ip'.
update_compile_order -fileset sources_1
exit
INFO: [Common 17-206] Exiting Vivado at Fri Apr 26 20:54:24 2024...
